#
# There is insufficient memory for the Java Runtime Environment to continue.
# Native memory allocation (malloc) failed to allocate 1048576 bytes for AllocateHeap
# Possible reasons:
#   The system is out of physical RAM or swap space
#   The process is running with CompressedOops enabled, and the Java Heap may be blocking the growth of the native heap
# Possible solutions:
#   Reduce memory load on the system
#   Increase physical memory or swap space
#   Check if swap backing store is full
#   Decrease Java heap size (-Xmx/-Xms)
#   Decrease number of Java threads
#   Decrease Java thread stack sizes (-Xss)
#   Set larger code cache with -XX:ReservedCodeCacheSize=
#   JVM is running with Unscaled Compressed Oops mode in which the Java heap is
#     placed in the first 4GB address space. The Java Heap base address is the
#     maximum limit for the native heap growth. Please use -XX:HeapBaseMinAddress
#     to set the Java Heap base and to place the Java Heap above 4GB virtual address.
# This output file may be truncated or incomplete.
#
#  Out of Memory Error (allocation.cpp:44), pid=10548, tid=2740
#
# JRE version:  (16.0.1+9) (build )
# Java VM: Java HotSpot(TM) 64-Bit Server VM (16.0.1+9-24, mixed mode, sharing, tiered, compressed oops, compressed class ptrs, g1 gc, windows-amd64)
# No core dump will be written. Minidumps are not enabled by default on client versions of Windows
#

---------------  S U M M A R Y ------------

Command Line: -Dfile.encoding=UTF-8 --module-path=C:\Users\user\Desktop\17701734-ITEC314-TERM PROJECT\parcelSystem\build\classes parcelsystem.ParcelSystem

Host: Intel(R) Core(TM) i7-3520M CPU @ 2.90GHz, 4 cores, 3G,  Windows 10 , 64 bit Build 19041 (10.0.19041.928)
Time: Fri Apr 30 19:34:25 2021 GTB Daylight Time elapsed time: 0.011407 seconds (0d 0h 0m 0s)

---------------  T H R E A D  ---------------

Current thread (0x0000019c9060aad0):  JavaThread "Unknown thread" [_thread_in_vm, id=2740, stack(0x0000002148700000,0x0000002148800000)]

Stack: [0x0000002148700000,0x0000002148800000]
Native frames: (J=compiled Java code, j=interpreted, Vv=VM code, C=native code)
V  [jvm.dll+0x6687ca]
V  [jvm.dll+0x7ca3c9]
V  [jvm.dll+0x7cbb53]
V  [jvm.dll+0x7cc1b3]
V  [jvm.dll+0x242ea5]
V  [jvm.dll+0xa8742]
V  [jvm.dll+0x2ce944]
V  [jvm.dll+0x79cc7c]
V  [jvm.dll+0x360de1]
V  [jvm.dll+0x77a990]
V  [jvm.dll+0x3e55af]
V  [jvm.dll+0x3e7081]
C  [jli.dll+0x52fb]
C  [ucrtbase.dll+0x21bb2]
C  [KERNEL32.DLL+0x17034]
C  [ntdll.dll+0x52651]


---------------  P R O C E S S  ---------------

Threads class SMR info:
_java_thread_list=0x00007fff6842cbb8, length=0, elements={
}

Java Threads: ( => current thread )

Other Threads:

=>0x0000019c9060aad0 (exited) JavaThread "Unknown thread" [_thread_in_vm, id=2740, stack(0x0000002148700000,0x0000002148800000)]

Threads with active compile tasks:

VM state: not at safepoint (not fully initialized)

VM Mutex/Monitor currently owned by a thread: None

Heap address: 0x0000000000000000, size: 0 MB, Compressed Oops mode: 32-bit

CDS archive(s) mapped at: [0x0000000000000000-0x0000000000000000-0x0000000000000000), size 0, SharedBaseAddress: 0x0000000800000000, ArchiveRelocationMode: 0.
Narrow klass base: 0x0000000000000000, Narrow klass shift: 0, Narrow klass range: 0x0

GC Precious Log:
<Empty>

GC Heap History (0 events):
No events

Deoptimization events (0 events):
No events

Classes unloaded (0 events):
No events

Classes redefined (0 events):
No events

Internal exceptions (0 events):
No events

Events (1 events):
Event: 0.006 Loaded shared library C:\Program Files\Java\jdk-16.0.1\bin\java.dll


Dynamic libraries:
0x00007ff7bcaa0000 - 0x00007ff7bcab0000 	C:\Program Files\Java\jdk-16.0.1\bin\java.exe
0x00007fffc62d0000 - 0x00007fffc64c5000 	C:\WINDOWS\SYSTEM32\ntdll.dll
0x00007fffc4f80000 - 0x00007fffc503d000 	C:\WINDOWS\System32\KERNEL32.DLL
0x00007fffc3cc0000 - 0x00007fffc3f88000 	C:\WINDOWS\System32\KERNELBASE.dll
0x00007fffc4180000 - 0x00007fffc4280000 	C:\WINDOWS\System32\ucrtbase.dll
0x00007fffbb900000 - 0x00007fffbb919000 	C:\Program Files\Java\jdk-16.0.1\bin\VCRUNTIME140.dll
0x00007fffbc510000 - 0x00007fffbc528000 	C:\Program Files\Java\jdk-16.0.1\bin\jli.dll
0x00007fffc5610000 - 0x00007fffc56bc000 	C:\WINDOWS\System32\ADVAPI32.dll
0x00007fffc4ee0000 - 0x00007fffc4f7e000 	C:\WINDOWS\System32\msvcrt.dll
0x00007fffc4dc0000 - 0x00007fffc4e5b000 	C:\WINDOWS\System32\sechost.dll
0x00007fffc5b40000 - 0x00007fffc5c6b000 	C:\WINDOWS\System32\RPCRT4.dll
0x00007fffc5470000 - 0x00007fffc5610000 	C:\WINDOWS\System32\USER32.dll
0x00007fffc4150000 - 0x00007fffc4172000 	C:\WINDOWS\System32\win32u.dll
0x00007fffb3ca0000 - 0x00007fffb3f3a000 	C:\WINDOWS\WinSxS\amd64_microsoft.windows.common-controls_6595b64144ccf1df_6.0.19041.844_none_ca00b6081b84eb1d\COMCTL32.dll
0x00007fffc4d30000 - 0x00007fffc4d5a000 	C:\WINDOWS\System32\GDI32.dll
0x00007fffc3f90000 - 0x00007fffc409b000 	C:\WINDOWS\System32\gdi32full.dll
0x00007fffc3ac0000 - 0x00007fffc3b5d000 	C:\WINDOWS\System32\msvcp_win.dll
0x00007fffbbaa0000 - 0x00007fffbbaaa000 	C:\WINDOWS\SYSTEM32\VERSION.dll
0x00007fffc52a0000 - 0x00007fffc52d0000 	C:\WINDOWS\System32\IMM32.DLL
0x00007fffbc040000 - 0x00007fffbc04c000 	C:\Program Files\Java\jdk-16.0.1\bin\vcruntime140_1.dll
0x00007fffae5d0000 - 0x00007fffae661000 	C:\Program Files\Java\jdk-16.0.1\bin\msvcp140.dll
0x00007fff67920000 - 0x00007fff684cb000 	C:\Program Files\Java\jdk-16.0.1\bin\server\jvm.dll
0x00007fffc61d0000 - 0x00007fffc61d8000 	C:\WINDOWS\System32\PSAPI.DLL
0x00007fffb4560000 - 0x00007fffb4587000 	C:\WINDOWS\SYSTEM32\WINMM.dll
0x00007fffbf590000 - 0x00007fffbf599000 	C:\WINDOWS\SYSTEM32\WSOCK32.dll
0x00007fffc52d0000 - 0x00007fffc533b000 	C:\WINDOWS\System32\WS2_32.dll
0x00007fffc22e0000 - 0x00007fffc22f2000 	C:\WINDOWS\SYSTEM32\kernel.appcore.dll
0x00007fffbb300000 - 0x00007fffbb30a000 	C:\Program Files\Java\jdk-16.0.1\bin\jimage.dll
0x00007fffbc5a0000 - 0x00007fffbc784000 	C:\WINDOWS\SYSTEM32\DBGHELP.DLL
0x00007fffbc570000 - 0x00007fffbc59c000 	C:\WINDOWS\SYSTEM32\dbgcore.DLL
0x00007fffc40d0000 - 0x00007fffc4150000 	C:\WINDOWS\System32\bcryptPrimitives.dll
0x00007fffb19c0000 - 0x00007fffb19e5000 	C:\Program Files\Java\jdk-16.0.1\bin\java.dll

dbghelp: loaded successfully - version: 4.0.5 - missing functions: none
symbol engine: initialized successfully - sym options: 0x614 - pdb path: .;C:\Program Files\Java\jdk-16.0.1\bin;C:\WINDOWS\SYSTEM32;C:\WINDOWS\WinSxS\amd64_microsoft.windows.common-controls_6595b64144ccf1df_6.0.19041.844_none_ca00b6081b84eb1d;C:\Program Files\Java\jdk-16.0.1\bin\server

VM Arguments:
jvm_args: -Dfile.encoding=UTF-8 --module-path=C:\Users\user\Desktop\17701734-ITEC314-TERM PROJECT\parcelSystem\build\classes 
java_command: parcelsystem.ParcelSystem
java_class_path (initial): C:\Users\user\Desktop\17701734-ITEC314-TERM PROJECT\parcelSystem\build\classes
Launcher Type: SUN_STANDARD

[Global flags]
     intx CICompilerCount                          = 3                                         {product} {ergonomic}
     uint ConcGCThreads                            = 1                                         {product} {ergonomic}
     uint G1ConcRefinementThreads                  = 4                                         {product} {ergonomic}
   size_t G1HeapRegionSize                         = 1048576                                   {product} {ergonomic}
    uintx GCDrainStackTargetSize                   = 64                                        {product} {ergonomic}
   size_t InitialHeapSize                          = 65011712                                  {product} {ergonomic}
   size_t MarkStackSize                            = 4194304                                   {product} {ergonomic}
   size_t MaxHeapSize                              = 1040187392                                {product} {ergonomic}
   size_t MinHeapDeltaBytes                        = 1048576                                   {product} {ergonomic}
   size_t MinHeapSize                              = 8388608                                   {product} {ergonomic}
    uintx NonNMethodCodeHeapSize                   = 5832780                                {pd product} {ergonomic}
    uintx NonProfiledCodeHeapSize                  = 122912730                              {pd product} {ergonomic}
    uintx ProfiledCodeHeapSize                     = 122912730                              {pd product} {ergonomic}
    uintx ReservedCodeCacheSize                    = 251658240                              {pd product} {ergonomic}
     bool SegmentedCodeCache                       = true                                      {product} {ergonomic}
   size_t SoftMaxHeapSize                          = 1040187392                             {manageable} {ergonomic}
     bool UseCompressedClassPointers               = true                           {product lp64_product} {ergonomic}
     bool UseCompressedOops                        = true                           {product lp64_product} {ergonomic}
     bool UseG1GC                                  = true                                      {product} {ergonomic}
     bool UseLargePagesIndividualAllocation        = false                                  {pd product} {ergonomic}

Logging:
Log output configuration:
 #0: stdout all=warning uptime,level,tags
 #1: stderr all=off uptime,level,tags

Environment Variables:
JAVA_HOME=C:\Program Files\AdoptOpenJDK\jdk-11.0.10.9-hotspot
PATH=C:\Program Files\Common Files\Oracle\Java\javapath;C:\Program Files\AdoptOpenJDK\jdk-11.0.10.9-hotspot\bin;C:\WINDOWS\system32;C:\WINDOWS;C:\WINDOWS\System32\Wbem;C:\WINDOWS\System32\WindowsPowerShell\v1.0\;C:\WINDOWS\System32\OpenSSH\;C:\Program Files\Microsoft\Web Platform Installer\;C:\Program Files (x86)\Microsoft ASP.NET\ASP.NET Web Pages\v1.0\;C:\Program Files (x86)\Windows Kits\8.0\Windows Performance Toolkit\;C:\Program Files\Microsoft SQL Server\110\Tools\Binn\;C:\PHP8;C:\xamppN\php;C:\composer;C:\Program Files\Java\jdk1.8.0_111\bin;C:\Users\user\AppData\Local\Microsoft\WindowsApps;C:\xampp\php;C:\Users\user\AppData\Roaming\Composer\vendor\bin;C:\php-8.0.1-Win32-vs16-x64;C:\Users\user\AppData\Local\Programs\Microsoft VS Code\bin;
USERNAME=user
OS=Windows_NT
PROCESSOR_IDENTIFIER=Intel64 Family 6 Model 58 Stepping 9, GenuineIntel



---------------  S Y S T E M  ---------------

OS:
 Windows 10 , 64 bit Build 19041 (10.0.19041.928)
OS uptime: 1 days 0:06 hours

CPU: total 4 (initial active 4) (2 cores per cpu, 2 threads per core) family 6 model 58 stepping 9 microcode 0x21, cx8, cmov, fxsr, ht, mmx, sse, sse2, sse3, ssse3, sse4.1, sse4.2, popcnt, tsc, tscinvbit, avx, aes, erms, clmul, vzeroupper, clflush

Memory: 4k page, system-wide physical 3961M (602M free)
TotalPageFile size 11852M (AvailPageFile size 5M)
current process WorkingSet (physical memory assigned to process): 9M, peak: 9M
current process commit charge ("private bytes"): 13M, peak: 14M

vm_info: Java HotSpot(TM) 64-Bit Server VM (16.0.1+9-24) for windows-amd64 JRE (16.0.1+9-24), built on Mar 26 2021 19:31:42 by "mach5one" with MS VC++ 16.7 (VS2019)

END.
